<?xml version="1.0" encoding="UTF-8"?>
<testng-results skipped="0" failed="0" ignored="0" total="1" passed="1">
  <reporter-output>
  </reporter-output>
  <suite name="Default suite" duration-ms="11133" started-at="2019-01-21T09:33:26Z" finished-at="2019-01-21T09:33:37Z">
    <groups>
    </groups>
    <test name="Default test" duration-ms="11133" started-at="2019-01-21T09:33:26Z" finished-at="2019-01-21T09:33:37Z">
      <class name="pck1.Test1">
        <test-method status="PASS" signature="test1()[pri:0, instance:pck1.Test1@68be2bc2]" name="test1" duration-ms="11047" started-at="2019-01-21T09:33:26Z" finished-at="2019-01-21T09:33:37Z">
          <reporter-output>
          </reporter-output>
        </test-method> <!-- test1 -->
      </class> <!-- pck1.Test1 -->
    </test> <!-- Default test -->
  </suite> <!-- Default suite -->
</testng-results>
